<?xml version="1.0" encoding="UTF-8" ?>
<testsuite failures="0" time="11.131" errors="0" skipped="0" tests="1" name="TestDemo">
  <properties>
    <property name="java.runtime.name" value="Java(TM) SE Runtime Environment"/>
    <property name="sun.boot.library.path" value="D:\software\jdk\jdk-1.7.0_13-x64\jre\bin"/>
    <property name="java.vm.version" value="23.7-b01"/>
    <property name="java.vm.vendor" value="Oracle Corporation"/>
    <property name="maven.multiModuleProjectDirectory" value="D:\workspace\workspace-mypingyou\pinyougou-parent-3"/>
    <property name="java.vendor.url" value="http://java.oracle.com/"/>
    <property name="path.separator" value=";"/>
    <property name="guice.disable.misplaced.annotation.check" value="true"/>
    <property name="java.vm.name" value="Java HotSpot(TM) 64-Bit Server VM"/>
    <property name="file.encoding.pkg" value="sun.io"/>
    <property name="user.script" value=""/>
    <property name="user.country" value="CN"/>
    <property name="sun.java.launcher" value="SUN_STANDARD"/>
    <property name="sun.os.patch.level" value=""/>
    <property name="java.vm.specification.name" value="Java Virtual Machine Specification"/>
    <property name="user.dir" value="D:\workspace\workspace-mypingyou\pinyougou-parent-3"/>
    <property name="java.runtime.version" value="1.7.0_13-b20"/>
    <property name="java.awt.graphicsenv" value="sun.awt.Win32GraphicsEnvironment"/>
    <property name="java.endorsed.dirs" value="D:\software\jdk\jdk-1.7.0_13-x64\jre\lib\endorsed"/>
    <property name="os.arch" value="amd64"/>
    <property name="java.io.tmpdir" value="C:\Users\lenovo\AppData\Local\Temp\"/>
    <property name="line.separator" value="
"/>
    <property name="java.vm.specification.vendor" value="Oracle Corporation"/>
    <property name="user.variant" value=""/>
    <property name="os.name" value="Windows 8"/>
    <property name="classworlds.conf" value="D:\workspace\workspace-mypingyou\.metadata\.plugins\org.eclipse.m2e.launching\launches\m2conf4890847533511829416.tmp"/>
    <property name="sun.jnu.encoding" value="GBK"/>
    <property name="java.library.path" value="D:\software\jdk\jdk-1.7.0_13-x64\bin;C:\WINDOWS\Sun\Java\bin;C:\WINDOWS\system32;C:\WINDOWS;D:/software/jdk/jdk-1.7.0_13-x64/bin/../jre/bin/server;D:/software/jdk/jdk-1.7.0_13-x64/bin/../jre/bin;D:/software/jdk/jdk-1.7.0_13-x64/bin/../jre/lib/amd64;C:\Windows\system32;C:\Windows;C:\Windows\System32\Wbem;C:\Windows\System32\WindowsPowerShell\v1.0\;C:\Program Files (x86)\NVIDIA Corporation\PhysX\Common;D:\software\mysql\mysql-5.5-win32\install\bin;D:\software\jdk\jdk-1.7.0_13-x64\bin;D:\software\maven\apache-maven-3.5.3-1\apache-maven-3.5.3\bin;D:\software\sqlplus\32bit\instantclient_12_1;C:\WINDOWS\system32;C:\WINDOWS;C:\WINDOWS\System32\Wbem;C:\WINDOWS\System32\WindowsPowerShell\v1.0\;C:\WINDOWS\System32\OpenSSH\;D:\software\hadoop\cenos-6.5-hadoop-2.6.4\hadoop-2.6.4\bin;D:\software\hadoop\cenos-6.5-hadoop-2.6.4\hadoop-2.6.4\sbin;D:\software\git\install\Git\cmd;D:\software\python\install;C:\Users\lenovo\AppData\Local\Microsoft\WindowsApps;;D:\software\eclipse;;."/>
    <property name="java.specification.name" value="Java Platform API Specification"/>
    <property name="java.class.version" value="51.0"/>
    <property name="sun.management.compiler" value="HotSpot 64-Bit Tiered Compilers"/>
    <property name="os.version" value="6.2"/>
    <property name="user.home" value="C:\Users\lenovo"/>
    <property name="user.timezone" value="Asia/Shanghai"/>
    <property name="java.awt.printerjob" value="sun.awt.windows.WPrinterJob"/>
    <property name="java.specification.version" value="1.7"/>
    <property name="file.encoding" value="UTF-8"/>
    <property name="user.name" value="lenovo"/>
    <property name="java.class.path" value="D:\software\maven\apache-maven-3.5.3-1\apache-maven-3.5.3\boot\plexus-classworlds-2.5.2.jar"/>
    <property name="java.vm.specification.version" value="1.7"/>
    <property name="sun.arch.data.model" value="64"/>
    <property name="java.home" value="D:\software\jdk\jdk-1.7.0_13-x64\jre"/>
    <property name="sun.java.command" value="org.codehaus.plexus.classworlds.launcher.Launcher -B -s D:\software\maven\apache-maven-3.5.3-1\apache-maven-3.5.3\conf\settings.xml install"/>
    <property name="java.specification.vendor" value="Oracle Corporation"/>
    <property name="user.language" value="zh"/>
    <property name="awt.toolkit" value="sun.awt.windows.WToolkit"/>
    <property name="java.vm.info" value="mixed mode"/>
    <property name="java.version" value="1.7.0_13"/>
    <property name="java.ext.dirs" value="D:\software\jdk\jdk-1.7.0_13-x64\jre\lib\ext;C:\WINDOWS\Sun\Java\lib\ext"/>
    <property name="sun.boot.class.path" value="D:\software\jdk\jdk-1.7.0_13-x64\jre\lib\resources.jar;D:\software\jdk\jdk-1.7.0_13-x64\jre\lib\rt.jar;D:\software\jdk\jdk-1.7.0_13-x64\jre\lib\sunrsasign.jar;D:\software\jdk\jdk-1.7.0_13-x64\jre\lib\jsse.jar;D:\software\jdk\jdk-1.7.0_13-x64\jre\lib\jce.jar;D:\software\jdk\jdk-1.7.0_13-x64\jre\lib\charsets.jar;D:\software\jdk\jdk-1.7.0_13-x64\jre\lib\jfr.jar;D:\software\jdk\jdk-1.7.0_13-x64\jre\classes"/>
    <property name="java.vendor" value="Oracle Corporation"/>
    <property name="maven.home" value="D:\software\maven\apache-maven-3.5.3-1\apache-maven-3.5.3"/>
    <property name="file.separator" value="\"/>
    <property name="java.vendor.url.bug" value="http://bugreport.sun.com/bugreport/"/>
    <property name="sun.cpu.endian" value="little"/>
    <property name="sun.io.unicode.encoding" value="UnicodeLittle"/>
    <property name="sun.desktop" value="windows"/>
    <property name="sun.cpu.isalist" value="amd64"/>
  </properties>
  <testcase time="11.131" classname="TestDemo" name="test01"/>
</testsuite>